<?xml version="1.0" encoding="UTF-8"?>
<testsuite xmlns:xsi="http://www.w3.org/2001/XMLSchema-instance" xsi:noNamespaceSchemaLocation="https://maven.apache.org/surefire/maven-surefire-plugin/xsd/surefire-test-report-3.0.xsd" version="3.0" name="org.barrientos.junit5app.ejemplos.models.CuentaTest$VariableAmbienteTest" time="0.033" tests="5" errors="0" skipped="2" failures="0">
  <properties>
[...]
</properties>
  <testcase name="testProcesadores" classname="org.barrientos.junit5app.ejemplos.models.CuentaTest$VariableAmbienteTest" time="0.001">
    <system-out><![CDATA[Iniciando el metodo.
Finalizando el metodo de prueba.
]]></system-out>
  </testcase>
  <testcase name="testEnv" classname="org.barrientos.junit5app.ejemplos.models.CuentaTest$VariableAmbienteTest" time="0">
    <skipped message="Environment variable [ENVIRONMENT] does not exist"/>
  </testcase>
  <testcase name="testEnvProdDisabled" classname="org.barrientos.junit5app.ejemplos.models.CuentaTest$VariableAmbienteTest" time="0.005">
    <system-out><![CDATA[Iniciando el metodo.
Finalizando el metodo de prueba.
]]></system-out>
  </testcase>
  <testcase name="tesJavaHome" classname="org.barrientos.junit5app.ejemplos.models.CuentaTest$VariableAmbienteTest" time="0">
    <skipped message="Environment variable [JAVA_HOME] does not exist"/>
  </testcase>
  <testcase name="imprimirVariablesAmbiente" classname="org.barrientos.junit5app.ejemplos.models.CuentaTest$VariableAmbienteTest" time="0.012">
    <system-out><![CDATA[Iniciando el metodo.
PATH: D:\ArchivosDeProgramas\Programas\Python310\Scripts\;D:\ArchivosDeProgramas\Programas\Python310\;C:\Program Files\Common Files\Oracle\Java\javapath;C:\Windows\system32;C:\Windows;C:\Windows\System32\Wbem;C:\Windows\System32\WindowsPowerShell\v1.0\;C:\Windows\System32\OpenSSH\;C:\Program Files\NVIDIA Corporation\NVIDIA NvDLISR;C:\Program Files (x86)\NVIDIA Corporation\PhysX\Common;C:\Program Files\dotnet\;C:\Program Files\Git\cmd;D:\ArchivosDeProgramas\Programas\FPascal\bin\i386-Win32;C:\Users\Ismael\AppData\Local\Microsoft\WindowsApps;C:\Users\Ismael\AppData\Local\GitHubDesktop\bin;D:\ArchivosDeProgramas\Programas\Microsoft VS Code\bin
USERDOMAIN_ROAMINGPROFILE: DESKTOP-0M788GE
LOCALAPPDATA: C:\Users\Ismael\AppData\Local
PROCESSOR_LEVEL: 6
SYSTEMDRIVE: C:
COMMONPROGRAMFILES(X86): C:\Program Files (x86)\Common Files
USERDOMAIN: DESKTOP-0M788GE
FPS_BROWSER_APP_PROFILE_STRING: Internet Explorer
LOGONSERVER: \\DESKTOP-0M788GE
PROMPT: $P$G
SESSIONNAME: Console
ALLUSERSPROFILE: C:\ProgramData
PROGRAMFILES(X86): C:\Program Files (x86)
ASL.LOG: Destination=file
PROCESSOR_ARCHITECTURE: AMD64
DRIVERDATA: C:\Windows\System32\Drivers\DriverData
PROGRAMFILES: C:\Program Files
APPDATA: C:\Users\Ismael\AppData\Roaming
PSMODULEPATH: C:\Program Files\WindowsPowerShell\Modules;C:\Windows\system32\WindowsPowerShell\v1.0\Modules
PROGRAMW6432: C:\Program Files
PROGRAMDATA: C:\ProgramData
SYSTEMROOT: C:\Windows
USERNAME: Ismael
FPS_BROWSER_USER_PROFILE_STRING: Default
ONEDRIVE: C:\Users\Ismael\OneDrive
PATHEXT: .COM;.EXE;.BAT;.CMD;.VBS;.VBE;.JS;.JSE;.WSF;.WSH;.MSC;.PY;.PYW
OS: Windows_NT
COMMONPROGRAMW6432: C:\Program Files\Common Files
COMPUTERNAME: DESKTOP-0M788GE
COMMONPROGRAMFILES: C:\Program Files\Common Files
COMSPEC: C:\Windows\system32\cmd.exe
PROCESSOR_REVISION: 3c03
WINDIR: C:\Windows
=D:: D:\ArchivosDeProgramas\INFORMATICA\Java\IdeaProjects\junit5_app
HOMEPATH: \Users\Ismael
TEMP: C:\Users\Ismael\AppData\Local\Temp
HOMEDRIVE: C:
PROCESSOR_IDENTIFIER: Intel64 Family 6 Model 60 Stepping 3, GenuineIntel
USERPROFILE: C:\Users\Ismael
TMP: C:\Users\Ismael\AppData\Local\Temp
PUBLIC: C:\Users\Public
NUMBER_OF_PROCESSORS: 4
=::: ::\
IDEA_INITIAL_DIRECTORY: D:\ArchivosDeProgramas\Programas\IntelliJ IDEA Community Edition 2021.2.2\bin
Finalizando el metodo de prueba.
]]></system-out>
  </testcase>
</testsuite>