<?xml version="1.0" encoding="UTF-8"?>
<testsuite xmlns:xsi="http://www.w3.org/2001/XMLSchema-instance" xsi:noNamespaceSchemaLocation="https://maven.apache.org/surefire/maven-surefire-plugin/xsd/surefire-test-report-3.0.xsd" version="3.0" name="org.barrientos.junit5app.ejemplos.models.CuentaTest$CuentaTestNombreSaldo" time="0.017" tests="3" errors="0" skipped="0" failures="0">
  <properties>
[...]
</properties>
  <testcase name="testSaldoCuenta" classname="org.barrientos.junit5app.ejemplos.models.CuentaTest$CuentaTestNombreSaldo" time="0.003">
    <system-out><![CDATA[Iniciando el metodo.
Finalizando el metodo de prueba.
]]></system-out>
  </testcase>
  <testcase name="testReferenciaCuenta" classname="org.barrientos.junit5app.ejemplos.models.CuentaTest$CuentaTestNombreSaldo" time="0.002">
    <system-out><![CDATA[Iniciando el metodo.
Finalizando el metodo de prueba.
]]></system-out>
  </testcase>
  <testcase name="testNombreCuenta" classname="org.barrientos.junit5app.ejemplos.models.CuentaTest$CuentaTestNombreSaldo" time="0.005">
    <system-out><![CDATA[Iniciando el metodo.
Finalizando el metodo de prueba.
]]></system-out>
  </testcase>
</testsuite>